2022.10.15 12:41:32 INFO  tracing is disabled for protocol LSP, to enable tracing of incoming and outgoing JSON messages create an empty file at /Users/bence/Documents/Dokumente - MacBook Pro von Bence/Studium/Semester_5/WEB_APPLICATION/uno_web/.metals/lsp.trace.json or /Users/bence/Library/Caches/org.scalameta.metals/lsp.trace.json
2022.10.15 12:41:33 INFO  logging to file /Users/bence/Documents/Dokumente - MacBook Pro von Bence/Studium/Semester_5/WEB_APPLICATION/uno_web/.metals/metals.log
2022.10.15 12:41:33 INFO  Started: Metals version 0.11.9 in workspace '/Users/bence/Documents/Dokumente - MacBook Pro von Bence/Studium/Semester_5/WEB_APPLICATION/uno_web' for client Visual Studio Code 1.72.1.
2022.10.15 12:41:36 INFO  time: initialize in 2.74s
2022.10.15 12:41:38 WARN  Build server is not auto-connectable.
Oct 15, 2022 12:41:38 PM org.eclipse.lsp4j.jsonrpc.RemoteEndpoint handleCancellation
WARNING: Unmatched cancel notification for request id 3
2022.10.15 12:41:38 WARN  no build tool detected in workspace '/Users/bence/Documents/Dokumente - MacBook Pro von Bence/Studium/Semester_5/WEB_APPLICATION/uno_web'. The most common cause for this problem is that the editor was opened in the wrong working directory, for example if you use sbt then the workspace directory should contain build.sbt. 
2022.10.15 12:41:38 WARN  no build target for: /Users/bence/Documents/Dokumente - MacBook Pro von Bence/Studium/Semester_5/WEB_APPLICATION/uno_web/play_server/build.sbt
Oct 15, 2022 12:41:38 PM org.eclipse.lsp4j.jsonrpc.RemoteEndpoint handleCancellation
WARNING: Unmatched cancel notification for request id 5
2022.10.15 12:41:41 WARN  no build target for: /Users/bence/Documents/Dokumente - MacBook Pro von Bence/Studium/Semester_5/WEB_APPLICATION/uno_web/play_server/build.sbt
2022.10.15 12:41:45 INFO  no build target found for /Users/bence/Documents/Dokumente - MacBook Pro von Bence/Studium/Semester_5/WEB_APPLICATION/uno_web/play_server/build.sbt. Using presentation compiler with project's scala-library version: 3.2.0
2022.10.15 12:41:49 INFO  time: code lens generation in 11s
2022.10.15 12:41:49 INFO  time: code lens generation in 11s
2022.10.15 12:41:49 INFO  time: code lens generation in 11s
2022.10.15 12:41:49 INFO  time: code lens generation in 9.34s
2022.10.15 12:41:49 INFO  time: code lens generation in 9.64s
2022.10.15 12:43:03 WARN  no build target for: /Users/bence/Documents/Dokumente - MacBook Pro von Bence/Studium/Semester_5/WEB_APPLICATION/uno_web/play_server/test/controllers/HomeControllerSpec.scala
2022.10.15 12:43:13 WARN  no build target for: /Users/bence/Documents/Dokumente - MacBook Pro von Bence/Studium/Semester_5/WEB_APPLICATION/uno_web/play_server/app/controllers/TuiController.scala
Oct 15, 2022 12:43:14 PM org.eclipse.lsp4j.jsonrpc.RemoteEndpoint handleCancellation
WARNING: Unmatched cancel notification for request id 24
Oct 15, 2022 12:43:14 PM org.eclipse.lsp4j.jsonrpc.RemoteEndpoint handleCancellation
WARNING: Unmatched cancel notification for request id 25
Oct 15, 2022 12:43:14 PM org.eclipse.lsp4j.jsonrpc.RemoteEndpoint handleCancellation
WARNING: Unmatched cancel notification for request id 23
2022.10.15 12:44:59 WARN  no build target for: /Users/bence/Documents/Dokumente - MacBook Pro von Bence/Studium/Semester_5/WEB_APPLICATION/uno_web/play_server/app/controllers/HomeController.scala
2022.10.15 12:45:44 WARN  no build target for: /Users/bence/Documents/Dokumente - MacBook Pro von Bence/Studium/Semester_5/WEB_APPLICATION/uno_web/play_server/app/controllers/HomeController.scala
Oct 15, 2022 12:49:25 PM org.eclipse.lsp4j.jsonrpc.RemoteEndpoint handleCancellation
WARNING: Unmatched cancel notification for request id 223
2022.10.15 12:49:28 WARN  no build target for: /Users/bence/Documents/Dokumente - MacBook Pro von Bence/Studium/Semester_5/WEB_APPLICATION/uno_web/play_server/app/controllers/HomeController.scala
2022.10.15 12:49:31 WARN  no build target for: /Users/bence/Documents/Dokumente - MacBook Pro von Bence/Studium/Semester_5/WEB_APPLICATION/uno_web/play_server/app/controllers/HomeController.scala
2022.10.15 13:15:14 INFO  tracing is disabled for protocol LSP, to enable tracing of incoming and outgoing JSON messages create an empty file at c:\Users\bence\Documents\uno_web\.metals\lsp.trace.json or C:\Users\bence\AppData\Local\scalameta\metals\cache\lsp.trace.json
2022.10.15 13:15:15 INFO  logging to file C:\Users\bence\Documents\uno_web\.metals\metals.log
2022.10.15 13:15:15 INFO  Started: Metals version 0.11.9 in workspace 'C:\Users\bence\Documents\uno_web' for client Visual Studio Code 1.72.2.
2022.10.15 13:15:20 INFO  time: initialize in 4.81s
2022.10.15 13:15:21 INFO  Attempting to connect to the build server...
2022.10.15 13:15:21 INFO  Setting up current java home C:\Program Files\Eclipse Adoptium\jdk-11.0.16.101-hotspot in C:\Users\bence\.bloop\bloop.json
2022.10.15 13:15:26 ERROR Starting the bsp launcher for bloop...
2022.10.15 13:15:26 ERROR Opening a bsp server connection with 'bsp --protocol tcp --port 35093'...
2022.10.15 13:15:26 ERROR Waiting for the bsp connection to come up...
2022.10.15 13:15:26 ERROR Waiting for the bsp connection to come up...
2022.10.15 13:15:26 ERROR Waiting for the bsp connection to come up...
2022.10.15 13:15:26 ERROR Waiting for the bsp connection to come up...
2022.10.15 13:15:26 ERROR error: The command bsp --protocol tcp --port 35093 returned with an error
2022.10.15 13:15:26 ERROR > No server running at 127.0.0.1:8212, let's fire one...
2022.10.15 13:15:26 ERROR > Resolving ch.epfl.scala:bloop-frontend_2.12:1.5.4...
2022.10.15 13:15:26 ERROR > Starting bloop server at 127.0.0.1:8212...
2022.10.15 13:15:26 ERROR > Attempting a connection to the server...
2022.10.15 13:15:26 ERROR > Attempting a connection to the server...
2022.10.15 13:15:26 ERROR > Attempting a connection to the server...
2022.10.15 13:15:26 ERROR > Attempting a connection to the server...
2022.10.15 13:15:26 ERROR > Attempting a connection to the server...
2022.10.15 13:15:26 ERROR > [0m[32m[D][0m Loading workspace settings from bloop.settings.json
2022.10.15 13:15:26 ERROR > [0m[32m[D][0m Loading 2 projects from 'c:\Users\bence\Documents\uno_web\.bloop'...
2022.10.15 13:15:26 ERROR > [0m[32m[D][0m Loading project from 'c:\Users\bence\Documents\uno_web\.bloop\root-test.json'
2022.10.15 13:15:26 ERROR > [0m[32m[D][0m Loading project from 'c:\Users\bence\Documents\uno_web\.bloop\root.json'
2022.10.15 13:15:26 ERROR > [0m[33m[W][0m Scala instance jar c:\Users\bence\Library\Caches\Coursier\v1\https\repo1.maven.org\maven2\org\scala-lang\scala-library\2.13.10\scala-library-2.13.10.jar doesn't exist!
2022.10.15 13:15:26 ERROR > [0m[33m[W][0m Scala instance jar c:\Users\bence\Library\Caches\Coursier\v1\https\repo1.maven.org\maven2\org\scala-lang\scala-library\2.13.10\scala-library-2.13.10.jar doesn't exist!
2022.10.15 13:15:26 ERROR > [0m[33m[W][0m Scala instance jar c:\Users\bence\Library\Caches\Coursier\v1\https\repo1.maven.org\maven2\org\scala-lang\scala-compiler\2.13.10\scala-compiler-2.13.10.jar doesn't exist!
2022.10.15 13:15:26 ERROR > [0m[33m[W][0m Scala instance jar c:\Users\bence\Library\Caches\Coursier\v1\https\repo1.maven.org\maven2\org\scala-lang\scala-compiler\2.13.10\scala-compiler-2.13.10.jar doesn't exist!
2022.10.15 13:15:26 ERROR > [0m[33m[W][0m Scala instance jar c:\Users\bence\Library\Caches\Coursier\v1\https\repo1.maven.org\maven2\org\scala-lang\scala-reflect\2.13.10\scala-reflect-2.13.10.jar doesn't exist!
2022.10.15 13:15:26 ERROR > [0m[33m[W][0m Scala instance jar c:\Users\bence\Library\Caches\Coursier\v1\https\repo1.maven.org\maven2\org\scala-lang\scala-reflect\2.13.10\scala-reflect-2.13.10.jar doesn't exist!
2022.10.15 13:15:26 ERROR > [0m[33m[W][0m Scala instance jar c:\Users\bence\Library\Caches\Coursier\v1\https\repo1.maven.org\maven2\io\github\java-diff-utils\java-diff-utils\4.12\java-diff-utils-4.12.jar doesn't exist!
2022.10.15 13:15:26 ERROR > [0m[33m[W][0m Scala instance jar c:\Users\bence\Library\Caches\Coursier\v1\https\repo1.maven.org\maven2\io\github\java-diff-utils\java-diff-utils\4.12\java-diff-utils-4.12.jar doesn't exist!
2022.10.15 13:15:26 ERROR > [0m[33m[W][0m Scala instance jar c:\Users\bence\Library\Caches\Coursier\v1\https\repo1.maven.org\maven2\org\jline\jline\3.21.0\jline-3.21.0.jar doesn't exist!
2022.10.15 13:15:26 ERROR > [0m[33m[W][0m Scala instance jar c:\Users\bence\Library\Caches\Coursier\v1\https\repo1.maven.org\maven2\org\jline\jline\3.21.0\jline-3.21.0.jar doesn't exist!
2022.10.15 13:15:26 ERROR > [0m[33m[W][0m Scala instance jar c:\Users\bence\Library\Caches\Coursier\v1\https\repo1.maven.org\maven2\net\java\dev\jna\jna\5.9.0\jna-5.9.0.jar doesn't exist!
2022.10.15 13:15:26 ERROR > [0m[33m[W][0m Scala instance jar c:\Users\bence\Library\Caches\Coursier\v1\https\repo1.maven.org\maven2\net\java\dev\jna\jna\5.9.0\jna-5.9.0.jar doesn't exist!
2022.10.15 13:15:26 ERROR > [0m[32m[D][0m Cache miss for scala instance org.scala-lang:scala-compiler:2.13.10.
2022.10.15 13:15:26 ERROR > [0m[32m[D][0m   => c:\Users\bence\Library\Caches\Coursier\v1\https\repo1.maven.org\maven2\io\github\java-diff-utils\java-diff-utils\4.12\java-diff-utils-4.12.jar
2022.10.15 13:15:26 ERROR > [0m[32m[D][0m   => c:\Users\bence\Library\Caches\Coursier\v1\https\repo1.maven.org\maven2\net\java\dev\jna\jna\5.9.0\jna-5.9.0.jar
2022.10.15 13:15:26 ERROR > [0m[32m[D][0m   => c:\Users\bence\Library\Caches\Coursier\v1\https\repo1.maven.org\maven2\org\jline\jline\3.21.0\jline-3.21.0.jar
2022.10.15 13:15:26 ERROR > [0m[32m[D][0m   => c:\Users\bence\Library\Caches\Coursier\v1\https\repo1.maven.org\maven2\org\scala-lang\scala-compiler\2.13.10\scala-compiler-2.13.10.jar
2022.10.15 13:15:26 ERROR > [0m[32m[D][0m   => c:\Users\bence\Library\Caches\Coursier\v1\https\repo1.maven.org\maven2\org\scala-lang\scala-library\2.13.10\scala-library-2.13.10.jar
2022.10.15 13:15:26 ERROR > [0m[32m[D][0m   => c:\Users\bence\Library\Caches\Coursier\v1\https\repo1.maven.org\maven2\org\scala-lang\scala-reflect\2.13.10\scala-reflect-2.13.10.jar
2022.10.15 13:15:26 ERROR > [0m[32m[D][0m Cache miss for scala instance org.scala-lang:scala-compiler:2.13.10.
2022.10.15 13:15:26 ERROR > [0m[32m[D][0m   => c:\Users\bence\Library\Caches\Coursier\v1\https\repo1.maven.org\maven2\io\github\java-diff-utils\java-diff-utils\4.12\java-diff-utils-4.12.jar
2022.10.15 13:15:26 ERROR > [0m[32m[D][0m   => c:\Users\bence\Library\Caches\Coursier\v1\https\repo1.maven.org\maven2\net\java\dev\jna\jna\5.9.0\jna-5.9.0.jar
2022.10.15 13:15:26 ERROR > [0m[32m[D][0m   => c:\Users\bence\Library\Caches\Coursier\v1\https\repo1.maven.org\maven2\org\jline\jline\3.21.0\jline-3.21.0.jar
2022.10.15 13:15:26 ERROR > [0m[32m[D][0m   => c:\Users\bence\Library\Caches\Coursier\v1\https\repo1.maven.org\maven2\org\scala-lang\scala-compiler\2.13.10\scala-compiler-2.13.10.jar
2022.10.15 13:15:26 ERROR > [0m[32m[D][0m   => c:\Users\bence\Library\Caches\Coursier\v1\https\repo1.maven.org\maven2\org\scala-lang\scala-library\2.13.10\scala-library-2.13.10.jar
2022.10.15 13:15:26 ERROR > [0m[32m[D][0m   => c:\Users\bence\Library\Caches\Coursier\v1\https\repo1.maven.org\maven2\org\scala-lang\scala-reflect\2.13.10\scala-reflect-2.13.10.jar
2022.10.15 13:15:26 ERROR > [0m[32m[D][0m Elapsed: 217.4086 ms
2022.10.15 13:15:26 ERROR > [0m[31m[E][0m Failed to load project from c:\Users\bence\Documents\uno_web\.bloop\root-test.json
2022.10.15 13:15:26 ERROR > [0m[36m[T][0m bloop.data.Project$ProjectReadException: Failed to load project from c:\Users\bence\Documents\uno_web\.bloop\root-test.json
2022.10.15 13:15:26 ERROR > [0m[36m[T][0m 	bloop.data.Project$.fromBytesAndOrigin(Project.scala:295)
2022.10.15 13:15:26 ERROR > [0m[36m[T][0m 	bloop.engine.BuildLoader$.loadProject(BuildLoader.scala:248)
2022.10.15 13:15:26 ERROR > [0m[36m[T][0m 	bloop.engine.BuildLoader$.$anonfun$loadBuildIncrementally$3(BuildLoader.scala:59)
2022.10.15 13:15:26 ERROR > [0m[36m[T][0m 	monix.eval.internal.TaskRunLoop$.startFull(TaskRunLoop.scala:81)
2022.10.15 13:15:26 ERROR > [0m[36m[T][0m 	monix.eval.internal.TaskRestartCallback.syncOnSuccess(TaskRestartCallback.scala:101)
2022.10.15 13:15:26 ERROR > [0m[36m[T][0m 	monix.eval.internal.TaskRestartCallback.onSuccess(TaskRestartCallback.scala:74)
2022.10.15 13:15:26 ERROR > [0m[36m[T][0m 	monix.eval.internal.TaskShift$Register$$anon$1.run(TaskShift.scala:65)
2022.10.15 13:15:26 ERROR > [0m[36m[T][0m 	monix.execution.internal.InterceptRunnable.run(InterceptRunnable.scala:27)
2022.10.15 13:15:26 ERROR > [0m[36m[T][0m 	java.base/java.util.concurrent.ThreadPoolExecutor.runWorker(ThreadPoolExecutor.java:1128)
2022.10.15 13:15:26 ERROR > [0m[36m[T][0m 	java.base/java.util.concurrent.ThreadPoolExecutor$Worker.run(ThreadPoolExecutor.java:628)
2022.10.15 13:15:26 ERROR > [0m[36m[T][0m 	java.base/java.lang.Thread.run(Thread.java:829)
2022.10.15 13:15:26 ERROR > [0m[36m[T][0m Caused by: java.nio.file.NoSuchFileException: c:\Users\bence\Library\Caches\Coursier\v1\https\repo1.maven.org\maven2\org\scala-lang\scala-library\2.13.10\scala-library-2.13.10.jar
2022.10.15 13:15:26 ERROR > [0m[36m[T][0m 	java.base/sun.nio.fs.WindowsException.translateToIOException(WindowsException.java:85)
2022.10.15 13:15:26 ERROR > [0m[36m[T][0m 	java.base/sun.nio.fs.WindowsException.rethrowAsIOException(WindowsException.java:103)
2022.10.15 13:15:26 ERROR > [0m[36m[T][0m 	java.base/sun.nio.fs.WindowsException.rethrowAsIOException(WindowsException.java:108)
2022.10.15 13:15:26 ERROR > [0m[36m[T][0m 	java.base/sun.nio.fs.WindowsFileAttributeViews$Basic.readAttributes(WindowsFileAttributeViews.java:53)
2022.10.15 13:15:26 ERROR > [0m[36m[T][0m 	java.base/sun.nio.fs.WindowsFileAttributeViews$Basic.readAttributes(WindowsFileAttributeViews.java:38)
2022.10.15 13:15:26 ERROR > [0m[36m[T][0m 	java.base/sun.nio.fs.WindowsFileSystemProvider.readAttributes(WindowsFileSystemProvider.java:198)
2022.10.15 13:15:26 ERROR > [0m[36m[T][0m 	java.base/java.nio.file.Files.readAttributes(Files.java:1764)
2022.10.15 13:15:26 ERROR > [0m[36m[T][0m 	bloop.ScalaInstance.$anonfun$hashCode$1(ScalaInstance.scala:111)
2022.10.15 13:15:26 ERROR > [0m[36m[T][0m 	scala.collection.TraversableLike.$anonfun$map$1(TraversableLike.scala:286)
2022.10.15 13:15:26 ERROR > [0m[36m[T][0m 	scala.collection.IndexedSeqOptimized.foreach(IndexedSeqOptimized.scala:36)
2022.10.15 13:15:26 ERROR > [0m[36m[T][0m 	scala.collection.IndexedSeqOptimized.foreach$(IndexedSeqOptimized.scala:33)
2022.10.15 13:15:26 ERROR > [0m[36m[T][0m 	scala.collection.mutable.WrappedArray.foreach(WrappedArray.scala:38)
2022.10.15 13:15:26 ERROR > [0m[36m[T][0m 	scala.collection.TraversableLike.map(TraversableLike.scala:286)
2022.10.15 13:15:26 ERROR > [0m[36m[T][0m 	scala.collection.TraversableLike.map$(TraversableLike.scala:279)
2022.10.15 13:15:26 ERROR > [0m[36m[T][0m 	scala.collection.AbstractTraversable.map(Traversable.scala:108)
2022.10.15 13:15:26 ERROR > [0m[36m[T][0m 	bloop.ScalaInstance.<init>(ScalaInstance.scala:107)
2022.10.15 13:15:26 ERROR > [0m[36m[T][0m 	bloop.ScalaInstance$.newInstance$1(ScalaInstance.scala:180)
2022.10.15 13:15:26 ERROR > [0m[36m[T][0m 	bloop.ScalaInstance$.$anonfun$apply$7(ScalaInstance.scala:185)
2022.10.15 13:15:26 ERROR > [0m[36m[T][0m 	java.base/java.util.concurrent.ConcurrentHashMap.computeIfAbsent(ConcurrentHashMap.java:1705)
2022.10.15 13:15:26 ERROR > [0m[36m[T][0m 	bloop.ScalaInstance$.apply(ScalaInstance.scala:185)
2022.10.15 13:15:26 ERROR > [0m[36m[T][0m 	bloop.data.Project$.$anonfun$fromConfig$1(Project.scala:311)
2022.10.15 13:15:26 ERROR > [0m[36m[T][0m 	scala.Option.flatMap(Option.scala:271)
2022.10.15 13:15:26 ERROR > [0m[36m[T][0m 	bloop.data.Project$.fromConfig(Project.scala:306)
2022.10.15 13:15:26 ERROR > [0m[36m[T][0m 	bloop.data.Project$.fromBytesAndOrigin(Project.scala:289)
2022.10.15 13:15:26 ERROR > [0m[36m[T][0m 	bloop.engine.BuildLoader$.loadProject(BuildLoader.scala:248)
2022.10.15 13:15:26 ERROR > [0m[36m[T][0m 	bloop.engine.BuildLoader$.$anonfun$loadBuildIncrementally$3(BuildLoader.scala:59)
2022.10.15 13:15:26 ERROR > [0m[36m[T][0m 	monix.eval.internal.TaskRunLoop$.startFull(TaskRunLoop.scala:81)
2022.10.15 13:15:26 ERROR > [0m[36m[T][0m 	monix.eval.internal.TaskRestartCallback.syncOnSuccess(TaskRestartCallback.scala:101)
2022.10.15 13:15:26 ERROR > [0m[36m[T][0m 	monix.eval.internal.TaskRestartCallback.onSuccess(TaskRestartCallback.scala:74)
2022.10.15 13:15:26 ERROR > [0m[36m[T][0m 	monix.eval.internal.TaskShift$Register$$anon$1.run(TaskShift.scala:65)
2022.10.15 13:15:26 ERROR > [0m[36m[T][0m 	monix.execution.internal.InterceptRunnable.run(InterceptRunnable.scala:27)
2022.10.15 13:15:26 ERROR > [0m[36m[T][0m 	java.base/java.util.concurrent.ThreadPoolExecutor.runWorker(ThreadPoolExecutor.java:1128)
2022.10.15 13:15:26 ERROR > [0m[36m[T][0m 	java.base/java.util.concurrent.ThreadPoolExecutor$Worker.run(ThreadPoolExecutor.java:628)
2022.10.15 13:15:26 ERROR > [0m[36m[T][0m 	java.base/java.lang.Thread.run(Thread.java:829)
2022.10.15 13:15:26 ERROR error: The launcher failed to establish a bsp connection, aborting...
2022.10.15 13:15:26 ERROR Failed to connect with build server, no functionality will work.java.lang.RuntimeException: The server did not start, got FailedToOpenBspConnection
	at bloop.launcher.LauncherMain.failPromise$1(Launcher.scala:92)
	at bloop.launcher.LauncherMain.runLauncher(Launcher.scala:119)
	at scala.meta.internal.metals.BloopServers$$anon$2.run(BloopServers.scala:496)
	at java.util.concurrent.Executors$RunnableAdapter.call(Executors.java:515)
	at java.util.concurrent.FutureTask.run(FutureTask.java:264)
	at java.util.concurrent.ThreadPoolExecutor.runWorker(ThreadPoolExecutor.java:1128)
	at java.util.concurrent.ThreadPoolExecutor$Worker.run(ThreadPoolExecutor.java:628)
	at java.lang.Thread.run(Thread.java:829)

2022.10.15 13:15:28 INFO  running 'C:\Program Files\Eclipse Adoptium\jdk-11.0.16.101-hotspot\bin\java -Djline.terminal=jline.UnsupportedTerminal -Dsbt.log.noformat=true -Dfile.encoding=UTF-8 -jar C:\Users\bence\AppData\Local\Temp\metals13581188118870050815\sbt-launch.jar -Dbloop.export-jar-classifiers=sources bloopInstall'
2022.10.15 13:15:29 INFO  [info] welcome to sbt 1.7.2 (Eclipse Adoptium Java 11.0.16.1)
2022.10.15 13:15:31 INFO  [info] loading settings for project uno_web-build-build-build from metals.sbt ...
2022.10.15 13:15:31 INFO  [info] loading project definition from C:\Users\bence\Documents\uno_web\project\project\project
2022.10.15 13:15:33 INFO  [info] loading settings for project uno_web-build-build from metals.sbt ...
2022.10.15 13:15:33 INFO  [info] loading project definition from C:\Users\bence\Documents\uno_web\project\project
2022.10.15 13:15:36 INFO  [success] Generated .bloop\uno_web-build-build.json
2022.10.15 13:15:36 INFO  [warn] Removed stale C:\Users\bence\Documents\uno_web\project\project\.bloop\play_server-build-build.json
2022.10.15 13:15:36 INFO  [success] Total time: 3 s, completed 15.10.2022, 13:15:36
2022.10.15 13:15:36 INFO  [info] loading settings for project uno_web-build from metals.sbt,plugins.sbt ...
2022.10.15 13:15:36 INFO  [info] loading project definition from C:\Users\bence\Documents\uno_web\project
2022.10.15 13:15:41 INFO  [success] Generated .bloop\uno_web-build.json
2022.10.15 13:15:41 INFO  [warn] Removed stale C:\Users\bence\Documents\uno_web\project\.bloop\play_server-build.json
2022.10.15 13:15:41 INFO  [success] Total time: 4 s, completed 15.10.2022, 13:15:41
2022.10.15 13:15:42 INFO  [info] loading settings for project root from build.sbt ...
2022.10.15 13:15:42 INFO  [info]   __              __
2022.10.15 13:15:42 INFO  [info]   \ \     ____   / /____ _ __  __
2022.10.15 13:15:42 INFO  [info]    \ \   / __ \ / // __ `// / / /
2022.10.15 13:15:42 INFO  [info]    / /  / /_/ // // /_/ // /_/ /
2022.10.15 13:15:42 INFO  [info]   /_/  / .___//_/ \__,_/ \__, /
2022.10.15 13:15:42 INFO  [info]       /_/               /____/
2022.10.15 13:15:42 INFO  [info] 
2022.10.15 13:15:42 INFO  [info] Version 2.8.17 running Java 11.0.16.1
2022.10.15 13:15:42 INFO  [info] 
2022.10.15 13:15:42 INFO  [info] Play is run entirely by the community. Please consider contributing and/or donating:
2022.10.15 13:15:42 INFO  [info] https://www.playframework.com/sponsors
2022.10.15 13:15:42 INFO  [info] 
2022.10.15 13:15:45 INFO  [success] Generated .bloop\root.json
2022.10.15 13:15:45 INFO  [success] Generated .bloop\root-test.json
2022.10.15 13:15:45 INFO  [success] Total time: 3 s, completed 15.10.2022, 13:15:45
2022.10.15 13:15:45 INFO  time: ran 'sbt bloopInstall' in 17s
2022.10.15 13:15:45 INFO  Attempting to connect to the build server...
2022.10.15 13:15:45 INFO  Bloop uses C:\Program Files\Eclipse Adoptium\jdk-11.0.16.101-hotspot defined at C:\Users\bence\.bloop\bloop.json
2022.10.15 13:15:47 INFO  tracing is disabled for protocol BSP, to enable tracing of incoming and outgoing JSON messages create an empty file at C:\Users\bence\Documents\uno_web\.metals\bsp.trace.json or C:\Users\bence\AppData\Local\scalameta\metals\cache\bsp.trace.json
2022.10.15 13:15:47 INFO  Attempting to connect to the build server...
2022.10.15 13:15:47 INFO  Bloop uses C:\Program Files\Eclipse Adoptium\jdk-11.0.16.101-hotspot defined at C:\Users\bence\.bloop\bloop.json
2022.10.15 13:15:47 INFO  Attempting to connect to the build server...
2022.10.15 13:15:47 INFO  Bloop uses C:\Program Files\Eclipse Adoptium\jdk-11.0.16.101-hotspot defined at C:\Users\bence\.bloop\bloop.json
2022.10.15 13:15:47 INFO  tracing is disabled for protocol BSP, to enable tracing of incoming and outgoing JSON messages create an empty file at C:\Users\bence\Documents\uno_web\project\.metals\bsp.trace.json or C:\Users\bence\AppData\Local\scalameta\metals\cache\bsp.trace.json
2022.10.15 13:15:47 INFO  tracing is disabled for protocol BSP, to enable tracing of incoming and outgoing JSON messages create an empty file at C:\Users\bence\Documents\uno_web\project\project\.metals\bsp.trace.json or C:\Users\bence\AppData\Local\scalameta\metals\cache\bsp.trace.json
2022.10.15 13:15:47 INFO  time: Connected to build server in 1.51s
2022.10.15 13:15:47 INFO  Connected to Build server: Bloop v1.5.4
2022.10.15 13:15:47 INFO  time: Imported build in 0.14s
2022.10.15 13:15:54 INFO  time: indexed workspace in 7.18s
2022.10.15 13:16:06 INFO  compiling root (9 scala sources and 1 java source)
2022.10.15 13:16:12 ERROR bad option: '-Ytasty-reader'
2022.10.15 13:16:12 INFO  time: compiled root in 6.35s
2022.10.15 13:16:12 INFO  compiling root (9 scala sources and 1 java source)
2022.10.15 13:16:12 ERROR bad option: '-Ytasty-reader'
2022.10.15 13:16:12 INFO  time: compiled root in 10ms
2022.10.15 13:16:54 INFO  running 'C:\Program Files\Eclipse Adoptium\jdk-11.0.16.101-hotspot\bin\java -Djline.terminal=jline.UnsupportedTerminal -Dsbt.log.noformat=true -Dfile.encoding=UTF-8 -jar C:\Users\bence\AppData\Local\Temp\metals8516652672626269937\sbt-launch.jar -Dbloop.export-jar-classifiers=sources bloopInstall'
2022.10.15 13:16:55 INFO  [info] welcome to sbt 1.7.2 (Eclipse Adoptium Java 11.0.16.1)
2022.10.15 13:16:55 INFO  [info] loading settings for project uno_web-build-build-build from metals.sbt ...
2022.10.15 13:16:56 INFO  [info] loading project definition from C:\Users\bence\Documents\uno_web\project\project\project
2022.10.15 13:16:56 INFO  [info] loading settings for project uno_web-build-build from metals.sbt ...
2022.10.15 13:16:56 INFO  [info] loading project definition from C:\Users\bence\Documents\uno_web\project\project
2022.10.15 13:16:59 INFO  [success] Generated .bloop\uno_web-build-build.json
2022.10.15 13:16:59 INFO  [success] Total time: 2 s, completed 15.10.2022, 13:16:59
2022.10.15 13:16:59 INFO  [info] loading settings for project uno_web-build from metals.sbt,plugins.sbt ...
2022.10.15 13:16:59 INFO  [info] loading project definition from C:\Users\bence\Documents\uno_web\project
2022.10.15 13:17:01 INFO  [success] Generated .bloop\uno_web-build.json
2022.10.15 13:17:01 INFO  [success] Total time: 2 s, completed 15.10.2022, 13:17:01
2022.10.15 13:17:01 INFO  [info] loading settings for project root from build.sbt ...
2022.10.15 13:17:01 INFO  [info]   __              __
2022.10.15 13:17:01 INFO  [info]   \ \     ____   / /____ _ __  __
2022.10.15 13:17:01 INFO  [info]    \ \   / __ \ / // __ `// / / /
2022.10.15 13:17:01 INFO  [info]    / /  / /_/ // // /_/ // /_/ /
2022.10.15 13:17:01 INFO  [info]   /_/  / .___//_/ \__,_/ \__, /
2022.10.15 13:17:01 INFO  [info]       /_/               /____/
2022.10.15 13:17:01 INFO  [info] 
2022.10.15 13:17:01 INFO  [info] Version 2.8.17 running Java 11.0.16.1
2022.10.15 13:17:01 INFO  [info] 
2022.10.15 13:17:01 INFO  [info] Play is run entirely by the community. Please consider contributing and/or donating:
2022.10.15 13:17:01 INFO  [info] https://www.playframework.com/sponsors
2022.10.15 13:17:01 INFO  [info] 
2022.10.15 13:17:03 INFO  [success] Generated .bloop\root.json
2022.10.15 13:17:03 INFO  [success] Generated .bloop\root-test.json
2022.10.15 13:17:03 INFO  [success] Total time: 1 s, completed 15.10.2022, 13:17:03
2022.10.15 13:17:04 INFO  time: ran 'sbt bloopInstall' in 9.7s
2022.10.15 13:17:04 INFO  Disconnecting from Bloop session...
2022.10.15 13:17:04 INFO  Shut down connection with build server.
2022.10.15 13:17:04 INFO  Shut down connection with build server.
2022.10.15 13:17:04 INFO  Shut down connection with build server.
2022.10.15 13:17:04 INFO  Attempting to connect to the build server...
2022.10.15 13:17:04 INFO  Bloop uses C:\Program Files\Eclipse Adoptium\jdk-11.0.16.101-hotspot defined at C:\Users\bence\.bloop\bloop.json
2022.10.15 13:17:04 INFO  tracing is disabled for protocol BSP, to enable tracing of incoming and outgoing JSON messages create an empty file at C:\Users\bence\Documents\uno_web\.metals\bsp.trace.json or C:\Users\bence\AppData\Local\scalameta\metals\cache\bsp.trace.json
2022.10.15 13:17:04 INFO  Attempting to connect to the build server...
2022.10.15 13:17:04 INFO  Bloop uses C:\Program Files\Eclipse Adoptium\jdk-11.0.16.101-hotspot defined at C:\Users\bence\.bloop\bloop.json
2022.10.15 13:17:04 INFO  Attempting to connect to the build server...
2022.10.15 13:17:04 INFO  Bloop uses C:\Program Files\Eclipse Adoptium\jdk-11.0.16.101-hotspot defined at C:\Users\bence\.bloop\bloop.json
2022.10.15 13:17:04 INFO  tracing is disabled for protocol BSP, to enable tracing of incoming and outgoing JSON messages create an empty file at C:\Users\bence\Documents\uno_web\project\project\.metals\bsp.trace.json or C:\Users\bence\AppData\Local\scalameta\metals\cache\bsp.trace.json
2022.10.15 13:17:04 INFO  tracing is disabled for protocol BSP, to enable tracing of incoming and outgoing JSON messages create an empty file at C:\Users\bence\Documents\uno_web\project\.metals\bsp.trace.json or C:\Users\bence\AppData\Local\scalameta\metals\cache\bsp.trace.json
2022.10.15 13:17:04 INFO  time: Connected to build server in 76ms
2022.10.15 13:17:04 INFO  Connected to Build server: Bloop v1.5.4
2022.10.15 13:17:05 INFO  compiling root (9 scala sources and 1 java source)
2022.10.15 13:17:05 ERROR bad option: '-Ytasty-reader'
2022.10.15 13:17:05 INFO  time: compiled root in 0.14s
bad option: '-Ytasty-reader'
Okt. 15, 2022 1:17:05 NACHM. scala.meta.internal.pc.ScalaPresentationCompiler newCompiler
WARNUNG: Unknown compiler options: -Ytasty-reader, -Yrangepos, -Xplugin-require:semanticdb
2022.10.15 13:17:07 INFO  time: indexed workspace in 2.84s
2022.10.15 13:17:07 INFO  compiling root (9 scala sources and 1 java source)
2022.10.15 13:17:07 ERROR bad option: '-Ytasty-reader'
2022.10.15 13:17:08 INFO  time: compiled root in 1.09s
bad option: '-Ytasty-reader'
Okt. 15, 2022 1:17:08 NACHM. scala.meta.internal.pc.ScalaPresentationCompiler newCompiler
WARNUNG: Unknown compiler options: -Ytasty-reader, -Yrangepos, -Xplugin-require:semanticdb
2022.10.15 13:19:24 INFO  compiling root (9 scala sources and 1 java source)
2022.10.15 13:19:24 ERROR bad option: '-Ytasty-reader'
2022.10.15 13:19:24 INFO  time: compiled root in 5ms
bad option: '-Ytasty-reader'
Okt. 15, 2022 1:19:29 NACHM. scala.meta.internal.pc.ScalaPresentationCompiler newCompiler
WARNUNG: Unknown compiler options: -Ytasty-reader, -Yrangepos, -Xplugin-require:semanticdb
2022.10.15 13:19:30 INFO  compiling root (9 scala sources and 1 java source)
2022.10.15 13:19:30 ERROR bad option: '-Ytasty-reader'
2022.10.15 13:19:30 INFO  time: compiled root in 6ms
bad option: '-Ytasty-reader'
Okt. 15, 2022 1:19:32 NACHM. scala.meta.internal.pc.ScalaPresentationCompiler newCompiler
WARNUNG: Unknown compiler options: -Ytasty-reader, -Yrangepos, -Xplugin-require:semanticdb
Okt. 15, 2022 1:19:38 NACHM. org.eclipse.lsp4j.jsonrpc.services.GenericEndpoint notify
INFORMATION: Unsupported notification method: $/setTrace
2022.10.15 13:23:55 INFO  compiling root (9 scala sources and 1 java source)
2022.10.15 13:23:55 ERROR bad option: '-Ytasty-reader'
2022.10.15 13:23:55 INFO  time: compiled root in 5ms
bad option: '-Ytasty-reader'
Okt. 15, 2022 1:24:00 NACHM. scala.meta.internal.pc.ScalaPresentationCompiler newCompiler
WARNUNG: Unknown compiler options: -Ytasty-reader, -Yrangepos, -Xplugin-require:semanticdb
Okt. 15, 2022 1:24:18 NACHM. org.eclipse.lsp4j.jsonrpc.RemoteEndpoint handleCancellation
WARNUNG: Unmatched cancel notification for request id 189
2022.10.15 13:27:32 INFO  compiling root (9 scala sources and 1 java source)
2022.10.15 13:27:32 ERROR bad option: '-Ytasty-reader'
2022.10.15 13:27:32 INFO  time: compiled root in 5ms
bad option: '-Ytasty-reader'
Okt. 15, 2022 1:27:37 NACHM. scala.meta.internal.pc.ScalaPresentationCompiler newCompiler
WARNUNG: Unknown compiler options: -Ytasty-reader, -Yrangepos, -Xplugin-require:semanticdb
2022.10.15 13:31:45 INFO  compiling root (9 scala sources and 1 java source)
2022.10.15 13:31:45 ERROR bad option: '-Ytasty-reader'
2022.10.15 13:31:45 INFO  time: compiled root in 5ms
bad option: '-Ytasty-reader'
Okt. 15, 2022 1:31:46 NACHM. scala.meta.internal.pc.ScalaPresentationCompiler newCompiler
WARNUNG: Unknown compiler options: -Ytasty-reader, -Yrangepos, -Xplugin-require:semanticdb
2022.10.15 13:31:51 INFO  compiling root (9 scala sources and 1 java source)
2022.10.15 13:31:51 ERROR bad option: '-Ytasty-reader'
2022.10.15 13:31:51 INFO  time: compiled root in 5ms
bad option: '-Ytasty-reader'
Okt. 15, 2022 1:32:40 NACHM. scala.meta.internal.pc.ScalaPresentationCompiler newCompiler
WARNUNG: Unknown compiler options: -Ytasty-reader, -Yrangepos, -Xplugin-require:semanticdb
2022.10.15 13:32:46 INFO  compiling root (9 scala sources and 1 java source)
2022.10.15 13:32:46 ERROR bad option: '-Ytasty-reader'
2022.10.15 13:32:46 INFO  time: compiled root in 4ms
bad option: '-Ytasty-reader'
Okt. 15, 2022 1:32:56 NACHM. scala.meta.internal.pc.ScalaPresentationCompiler newCompiler
WARNUNG: Unknown compiler options: -Ytasty-reader, -Yrangepos, -Xplugin-require:semanticdb
2022.10.15 13:35:15 INFO  compiling root (9 scala sources and 1 java source)
2022.10.15 13:35:15 ERROR bad option: '-Ytasty-reader'
2022.10.15 13:35:15 INFO  time: compiled root in 5ms
bad option: '-Ytasty-reader'
Okt. 15, 2022 1:35:15 NACHM. scala.meta.internal.pc.ScalaPresentationCompiler newCompiler
WARNUNG: Unknown compiler options: -Ytasty-reader, -Yrangepos, -Xplugin-require:semanticdb
2022.10.15 13:36:21 INFO  compiling root (9 scala sources and 1 java source)
2022.10.15 13:36:21 ERROR bad option: '-Ytasty-reader'
2022.10.15 13:36:21 INFO  time: compiled root in 4ms
2022.10.15 13:38:14 INFO  compiling root (9 scala sources and 1 java source)
2022.10.15 13:38:14 ERROR bad option: '-Ytasty-reader'
2022.10.15 13:38:14 INFO  time: compiled root in 5ms
bad option: '-Ytasty-reader'
Okt. 15, 2022 1:43:47 NACHM. scala.meta.internal.pc.ScalaPresentationCompiler newCompiler
WARNUNG: Unknown compiler options: -Ytasty-reader, -Yrangepos, -Xplugin-require:semanticdb
Okt. 15, 2022 1:52:46 NACHM. org.eclipse.lsp4j.jsonrpc.RemoteEndpoint handleCancellation
WARNUNG: Unmatched cancel notification for request id 536
